Linked: (/home/godfrey/wheelchair/devel/.private/image_proc/include/image_proc/DebayerConfig.h, /home/godfrey/wheelchair/devel/include/image_proc/DebayerConfig.h)
Linked: (/home/godfrey/wheelchair/devel/.private/image_proc/include/image_proc/RectifyConfig.h, /home/godfrey/wheelchair/devel/include/image_proc/RectifyConfig.h)
Linked: (/home/godfrey/wheelchair/devel/.private/image_proc/include/image_proc/CropDecimateConfig.h, /home/godfrey/wheelchair/devel/include/image_proc/CropDecimateConfig.h)
Linked: (/home/godfrey/wheelchair/devel/.private/image_proc/include/image_proc/ResizeConfig.h, /home/godfrey/wheelchair/devel/include/image_proc/ResizeConfig.h)
Linked: (/home/godfrey/wheelchair/devel/.private/image_proc/lib/libimage_proc.so, /home/godfrey/wheelchair/devel/lib/libimage_proc.so)
Linked: (/home/godfrey/wheelchair/devel/.private/image_proc/lib/pkgconfig/image_proc.pc, /home/godfrey/wheelchair/devel/lib/pkgconfig/image_proc.pc)
Linked: (/home/godfrey/wheelchair/devel/.private/image_proc/lib/image_proc/image_proc, /home/godfrey/wheelchair/devel/lib/image_proc/image_proc)
Linked: (/home/godfrey/wheelchair/devel/.private/image_proc/lib/python2.7/dist-packages/image_proc/__init__.py, /home/godfrey/wheelchair/devel/lib/python2.7/dist-packages/image_proc/__init__.py)
Linked: (/home/godfrey/wheelchair/devel/.private/image_proc/lib/python2.7/dist-packages/image_proc/cfg/__init__.py, /home/godfrey/wheelchair/devel/lib/python2.7/dist-packages/image_proc/cfg/__init__.py)
Linked: (/home/godfrey/wheelchair/devel/.private/image_proc/lib/python2.7/dist-packages/image_proc/cfg/CropDecimateConfig.py, /home/godfrey/wheelchair/devel/lib/python2.7/dist-packages/image_proc/cfg/CropDecimateConfig.py)
Linked: (/home/godfrey/wheelchair/devel/.private/image_proc/lib/python2.7/dist-packages/image_proc/cfg/ResizeConfig.py, /home/godfrey/wheelchair/devel/lib/python2.7/dist-packages/image_proc/cfg/ResizeConfig.py)
Linked: (/home/godfrey/wheelchair/devel/.private/image_proc/lib/python2.7/dist-packages/image_proc/cfg/RectifyConfig.py, /home/godfrey/wheelchair/devel/lib/python2.7/dist-packages/image_proc/cfg/RectifyConfig.py)
Linked: (/home/godfrey/wheelchair/devel/.private/image_proc/lib/python2.7/dist-packages/image_proc/cfg/DebayerConfig.py, /home/godfrey/wheelchair/devel/lib/python2.7/dist-packages/image_proc/cfg/DebayerConfig.py)
Linked: (/home/godfrey/wheelchair/devel/.private/image_proc/share/image_proc/docs/ResizeConfig.dox, /home/godfrey/wheelchair/devel/share/image_proc/docs/ResizeConfig.dox)
Linked: (/home/godfrey/wheelchair/devel/.private/image_proc/share/image_proc/docs/RectifyConfig.dox, /home/godfrey/wheelchair/devel/share/image_proc/docs/RectifyConfig.dox)
Linked: (/home/godfrey/wheelchair/devel/.private/image_proc/share/image_proc/docs/CropDecimateConfig.dox, /home/godfrey/wheelchair/devel/share/image_proc/docs/CropDecimateConfig.dox)
Linked: (/home/godfrey/wheelchair/devel/.private/image_proc/share/image_proc/docs/RectifyConfig.wikidoc, /home/godfrey/wheelchair/devel/share/image_proc/docs/RectifyConfig.wikidoc)
Linked: (/home/godfrey/wheelchair/devel/.private/image_proc/share/image_proc/docs/DebayerConfig.wikidoc, /home/godfrey/wheelchair/devel/share/image_proc/docs/DebayerConfig.wikidoc)
Linked: (/home/godfrey/wheelchair/devel/.private/image_proc/share/image_proc/docs/ResizeConfig.wikidoc, /home/godfrey/wheelchair/devel/share/image_proc/docs/ResizeConfig.wikidoc)
Linked: (/home/godfrey/wheelchair/devel/.private/image_proc/share/image_proc/docs/RectifyConfig-usage.dox, /home/godfrey/wheelchair/devel/share/image_proc/docs/RectifyConfig-usage.dox)
Linked: (/home/godfrey/wheelchair/devel/.private/image_proc/share/image_proc/docs/CropDecimateConfig.wikidoc, /home/godfrey/wheelchair/devel/share/image_proc/docs/CropDecimateConfig.wikidoc)
Linked: (/home/godfrey/wheelchair/devel/.private/image_proc/share/image_proc/docs/ResizeConfig-usage.dox, /home/godfrey/wheelchair/devel/share/image_proc/docs/ResizeConfig-usage.dox)
Linked: (/home/godfrey/wheelchair/devel/.private/image_proc/share/image_proc/docs/CropDecimateConfig-usage.dox, /home/godfrey/wheelchair/devel/share/image_proc/docs/CropDecimateConfig-usage.dox)
Linked: (/home/godfrey/wheelchair/devel/.private/image_proc/share/image_proc/docs/DebayerConfig-usage.dox, /home/godfrey/wheelchair/devel/share/image_proc/docs/DebayerConfig-usage.dox)
Linked: (/home/godfrey/wheelchair/devel/.private/image_proc/share/image_proc/docs/DebayerConfig.dox, /home/godfrey/wheelchair/devel/share/image_proc/docs/DebayerConfig.dox)
Linked: (/home/godfrey/wheelchair/devel/.private/image_proc/share/image_proc/cmake/image_procConfig-version.cmake, /home/godfrey/wheelchair/devel/share/image_proc/cmake/image_procConfig-version.cmake)
Linked: (/home/godfrey/wheelchair/devel/.private/image_proc/share/image_proc/cmake/image_procConfig.cmake, /home/godfrey/wheelchair/devel/share/image_proc/cmake/image_procConfig.cmake)
