Determining if the pthread_create exist failed with the following output:
Change Dir: /home/godfrey/wheelchair/build/image_view/CMakeFiles/CMakeTmp

Run Build Command:"/usr/bin/make" "cmTC_8ae20/fast"
/usr/bin/make -f CMakeFiles/cmTC_8ae20.dir/build.make CMakeFiles/cmTC_8ae20.dir/build
make[1]: Entering directory '/home/godfrey/wheelchair/build/image_view/CMakeFiles/CMakeTmp'
Building C object CMakeFiles/cmTC_8ae20.dir/CheckSymbolExists.c.o
/usr/bin/cc    -o CMakeFiles/cmTC_8ae20.dir/CheckSymbolExists.c.o   -c /home/godfrey/wheelchair/build/image_view/CMakeFiles/CMakeTmp/CheckSymbolExists.c
Linking C executable cmTC_8ae20
/usr/bin/cmake -E cmake_link_script CMakeFiles/cmTC_8ae20.dir/link.txt --verbose=1
/usr/bin/cc      -rdynamic CMakeFiles/cmTC_8ae20.dir/CheckSymbolExists.c.o  -o cmTC_8ae20 
CMakeFiles/cmTC_8ae20.dir/CheckSymbolExists.c.o: In function `main':
CheckSymbolExists.c:(.text+0x1b): undefined reference to `pthread_create'
collect2: error: ld returned 1 exit status
CMakeFiles/cmTC_8ae20.dir/build.make:97: recipe for target 'cmTC_8ae20' failed
make[1]: *** [cmTC_8ae20] Error 1
make[1]: Leaving directory '/home/godfrey/wheelchair/build/image_view/CMakeFiles/CMakeTmp'
Makefile:126: recipe for target 'cmTC_8ae20/fast' failed
make: *** [cmTC_8ae20/fast] Error 2

File /home/godfrey/wheelchair/build/image_view/CMakeFiles/CMakeTmp/CheckSymbolExists.c:
/* */
#include <pthread.h>

int main(int argc, char** argv)
{
  (void)argv;
#ifndef pthread_create
  return ((int*)(&pthread_create))[argc];
#else
  (void)argc;
  return 0;
#endif
}

Determining if the function pthread_create exists in the pthreads failed with the following output:
Change Dir: /home/godfrey/wheelchair/build/image_view/CMakeFiles/CMakeTmp

Run Build Command:"/usr/bin/make" "cmTC_15eef/fast"
/usr/bin/make -f CMakeFiles/cmTC_15eef.dir/build.make CMakeFiles/cmTC_15eef.dir/build
make[1]: Entering directory '/home/godfrey/wheelchair/build/image_view/CMakeFiles/CMakeTmp'
Building C object CMakeFiles/cmTC_15eef.dir/CheckFunctionExists.c.o
/usr/bin/cc   -DCHECK_FUNCTION_EXISTS=pthread_create   -o CMakeFiles/cmTC_15eef.dir/CheckFunctionExists.c.o   -c /usr/share/cmake-3.10/Modules/CheckFunctionExists.c
Linking C executable cmTC_15eef
/usr/bin/cmake -E cmake_link_script CMakeFiles/cmTC_15eef.dir/link.txt --verbose=1
/usr/bin/cc  -DCHECK_FUNCTION_EXISTS=pthread_create    -rdynamic CMakeFiles/cmTC_15eef.dir/CheckFunctionExists.c.o  -o cmTC_15eef -lpthreads 
/usr/bin/ld: cannot find -lpthreads
collect2: error: ld returned 1 exit status
CMakeFiles/cmTC_15eef.dir/build.make:97: recipe for target 'cmTC_15eef' failed
make[1]: *** [cmTC_15eef] Error 1
make[1]: Leaving directory '/home/godfrey/wheelchair/build/image_view/CMakeFiles/CMakeTmp'
Makefile:126: recipe for target 'cmTC_15eef/fast' failed
make: *** [cmTC_15eef/fast] Error 2


