Linked: (/home/godfrey/wheelchair/devel/.private/rt_gene/include/rt_gene/MSG_SubjectImagesList.h, /home/godfrey/wheelchair/devel/include/rt_gene/MSG_SubjectImagesList.h)
Linked: (/home/godfrey/wheelchair/devel/.private/rt_gene/include/rt_gene/MSG_SubjectImages.h, /home/godfrey/wheelchair/devel/include/rt_gene/MSG_SubjectImages.h)
Linked: (/home/godfrey/wheelchair/devel/.private/rt_gene/include/rt_gene/ModelSizeConfig.h, /home/godfrey/wheelchair/devel/include/rt_gene/ModelSizeConfig.h)
Linked: (/home/godfrey/wheelchair/devel/.private/rt_gene/lib/pkgconfig/rt_gene.pc, /home/godfrey/wheelchair/devel/lib/pkgconfig/rt_gene.pc)
Linked: (/home/godfrey/wheelchair/devel/.private/rt_gene/lib/python2.7/dist-packages/rt_gene/__init__.py, /home/godfrey/wheelchair/devel/lib/python2.7/dist-packages/rt_gene/__init__.py)
Linked: (/home/godfrey/wheelchair/devel/.private/rt_gene/lib/python2.7/dist-packages/rt_gene/msg/__init__.py, /home/godfrey/wheelchair/devel/lib/python2.7/dist-packages/rt_gene/msg/__init__.py)
Linked: (/home/godfrey/wheelchair/devel/.private/rt_gene/lib/python2.7/dist-packages/rt_gene/msg/_MSG_SubjectImages.py, /home/godfrey/wheelchair/devel/lib/python2.7/dist-packages/rt_gene/msg/_MSG_SubjectImages.py)
Linked: (/home/godfrey/wheelchair/devel/.private/rt_gene/lib/python2.7/dist-packages/rt_gene/msg/_MSG_SubjectImagesList.py, /home/godfrey/wheelchair/devel/lib/python2.7/dist-packages/rt_gene/msg/_MSG_SubjectImagesList.py)
Linked: (/home/godfrey/wheelchair/devel/.private/rt_gene/lib/python2.7/dist-packages/rt_gene/cfg/__init__.py, /home/godfrey/wheelchair/devel/lib/python2.7/dist-packages/rt_gene/cfg/__init__.py)
Linked: (/home/godfrey/wheelchair/devel/.private/rt_gene/lib/python2.7/dist-packages/rt_gene/cfg/ModelSizeConfig.py, /home/godfrey/wheelchair/devel/lib/python2.7/dist-packages/rt_gene/cfg/ModelSizeConfig.py)
Linked: (/home/godfrey/wheelchair/devel/.private/rt_gene/share/rt_gene/docs/ModelSizeConfig-usage.dox, /home/godfrey/wheelchair/devel/share/rt_gene/docs/ModelSizeConfig-usage.dox)
Linked: (/home/godfrey/wheelchair/devel/.private/rt_gene/share/rt_gene/docs/ModelSizeConfig.dox, /home/godfrey/wheelchair/devel/share/rt_gene/docs/ModelSizeConfig.dox)
Linked: (/home/godfrey/wheelchair/devel/.private/rt_gene/share/rt_gene/docs/ModelSizeConfig.wikidoc, /home/godfrey/wheelchair/devel/share/rt_gene/docs/ModelSizeConfig.wikidoc)
Linked: (/home/godfrey/wheelchair/devel/.private/rt_gene/share/rt_gene/cmake/rt_geneConfig-version.cmake, /home/godfrey/wheelchair/devel/share/rt_gene/cmake/rt_geneConfig-version.cmake)
Linked: (/home/godfrey/wheelchair/devel/.private/rt_gene/share/rt_gene/cmake/rt_geneConfig.cmake, /home/godfrey/wheelchair/devel/share/rt_gene/cmake/rt_geneConfig.cmake)
Linked: (/home/godfrey/wheelchair/devel/.private/rt_gene/share/rt_gene/cmake/rt_gene-msg-paths.cmake, /home/godfrey/wheelchair/devel/share/rt_gene/cmake/rt_gene-msg-paths.cmake)
Linked: (/home/godfrey/wheelchair/devel/.private/rt_gene/share/rt_gene/cmake/rt_gene-msg-extras.cmake, /home/godfrey/wheelchair/devel/share/rt_gene/cmake/rt_gene-msg-extras.cmake)
Linked: (/home/godfrey/wheelchair/devel/.private/rt_gene/share/common-lisp/ros/rt_gene/msg/MSG_SubjectImages.lisp, /home/godfrey/wheelchair/devel/share/common-lisp/ros/rt_gene/msg/MSG_SubjectImages.lisp)
Linked: (/home/godfrey/wheelchair/devel/.private/rt_gene/share/common-lisp/ros/rt_gene/msg/rt_gene-msg.asd, /home/godfrey/wheelchair/devel/share/common-lisp/ros/rt_gene/msg/rt_gene-msg.asd)
Linked: (/home/godfrey/wheelchair/devel/.private/rt_gene/share/common-lisp/ros/rt_gene/msg/_package_MSG_SubjectImagesList.lisp, /home/godfrey/wheelchair/devel/share/common-lisp/ros/rt_gene/msg/_package_MSG_SubjectImagesList.lisp)
Linked: (/home/godfrey/wheelchair/devel/.private/rt_gene/share/common-lisp/ros/rt_gene/msg/MSG_SubjectImagesList.lisp, /home/godfrey/wheelchair/devel/share/common-lisp/ros/rt_gene/msg/MSG_SubjectImagesList.lisp)
Linked: (/home/godfrey/wheelchair/devel/.private/rt_gene/share/common-lisp/ros/rt_gene/msg/_package.lisp, /home/godfrey/wheelchair/devel/share/common-lisp/ros/rt_gene/msg/_package.lisp)
Linked: (/home/godfrey/wheelchair/devel/.private/rt_gene/share/common-lisp/ros/rt_gene/msg/_package_MSG_SubjectImages.lisp, /home/godfrey/wheelchair/devel/share/common-lisp/ros/rt_gene/msg/_package_MSG_SubjectImages.lisp)
Linked: (/home/godfrey/wheelchair/devel/.private/rt_gene/share/gennodejs/ros/rt_gene/_index.js, /home/godfrey/wheelchair/devel/share/gennodejs/ros/rt_gene/_index.js)
Linked: (/home/godfrey/wheelchair/devel/.private/rt_gene/share/gennodejs/ros/rt_gene/msg/MSG_SubjectImagesList.js, /home/godfrey/wheelchair/devel/share/gennodejs/ros/rt_gene/msg/MSG_SubjectImagesList.js)
Linked: (/home/godfrey/wheelchair/devel/.private/rt_gene/share/gennodejs/ros/rt_gene/msg/_index.js, /home/godfrey/wheelchair/devel/share/gennodejs/ros/rt_gene/msg/_index.js)
Linked: (/home/godfrey/wheelchair/devel/.private/rt_gene/share/gennodejs/ros/rt_gene/msg/MSG_SubjectImages.js, /home/godfrey/wheelchair/devel/share/gennodejs/ros/rt_gene/msg/MSG_SubjectImages.js)
Linked: (/home/godfrey/wheelchair/devel/.private/rt_gene/share/roseus/ros/rt_gene/manifest.l, /home/godfrey/wheelchair/devel/share/roseus/ros/rt_gene/manifest.l)
Linked: (/home/godfrey/wheelchair/devel/.private/rt_gene/share/roseus/ros/rt_gene/msg/MSG_SubjectImagesList.l, /home/godfrey/wheelchair/devel/share/roseus/ros/rt_gene/msg/MSG_SubjectImagesList.l)
Linked: (/home/godfrey/wheelchair/devel/.private/rt_gene/share/roseus/ros/rt_gene/msg/MSG_SubjectImages.l, /home/godfrey/wheelchair/devel/share/roseus/ros/rt_gene/msg/MSG_SubjectImages.l)
