Symlinking /home/godfrey/wheelchair/devel/include/rt_gene/MSG_SubjectImagesList.h
Symlinking /home/godfrey/wheelchair/devel/include/rt_gene/MSG_SubjectImages.h
Symlinking /home/godfrey/wheelchair/devel/include/rt_gene/ModelSizeConfig.h
Symlinking /home/godfrey/wheelchair/devel/lib/pkgconfig/rt_gene.pc
Symlinking /home/godfrey/wheelchair/devel/lib/python2.7/dist-packages/rt_gene/__init__.py
Symlinking /home/godfrey/wheelchair/devel/lib/python2.7/dist-packages/rt_gene/msg/__init__.py
Symlinking /home/godfrey/wheelchair/devel/lib/python2.7/dist-packages/rt_gene/msg/_MSG_SubjectImages.py
Symlinking /home/godfrey/wheelchair/devel/lib/python2.7/dist-packages/rt_gene/msg/_MSG_SubjectImagesList.py
Symlinking /home/godfrey/wheelchair/devel/lib/python2.7/dist-packages/rt_gene/cfg/__init__.py
Symlinking /home/godfrey/wheelchair/devel/lib/python2.7/dist-packages/rt_gene/cfg/ModelSizeConfig.py
Symlinking /home/godfrey/wheelchair/devel/share/rt_gene/docs/ModelSizeConfig-usage.dox
Symlinking /home/godfrey/wheelchair/devel/share/rt_gene/docs/ModelSizeConfig.dox
Symlinking /home/godfrey/wheelchair/devel/share/rt_gene/docs/ModelSizeConfig.wikidoc
Symlinking /home/godfrey/wheelchair/devel/share/rt_gene/cmake/rt_geneConfig-version.cmake
Symlinking /home/godfrey/wheelchair/devel/share/rt_gene/cmake/rt_geneConfig.cmake
Symlinking /home/godfrey/wheelchair/devel/share/rt_gene/cmake/rt_gene-msg-paths.cmake
Symlinking /home/godfrey/wheelchair/devel/share/rt_gene/cmake/rt_gene-msg-extras.cmake
Symlinking /home/godfrey/wheelchair/devel/share/common-lisp/ros/rt_gene/msg/MSG_SubjectImages.lisp
Symlinking /home/godfrey/wheelchair/devel/share/common-lisp/ros/rt_gene/msg/rt_gene-msg.asd
Symlinking /home/godfrey/wheelchair/devel/share/common-lisp/ros/rt_gene/msg/_package_MSG_SubjectImagesList.lisp
Symlinking /home/godfrey/wheelchair/devel/share/common-lisp/ros/rt_gene/msg/MSG_SubjectImagesList.lisp
Symlinking /home/godfrey/wheelchair/devel/share/common-lisp/ros/rt_gene/msg/_package.lisp
Symlinking /home/godfrey/wheelchair/devel/share/common-lisp/ros/rt_gene/msg/_package_MSG_SubjectImages.lisp
Symlinking /home/godfrey/wheelchair/devel/share/gennodejs/ros/rt_gene/_index.js
Symlinking /home/godfrey/wheelchair/devel/share/gennodejs/ros/rt_gene/msg/MSG_SubjectImagesList.js
Symlinking /home/godfrey/wheelchair/devel/share/gennodejs/ros/rt_gene/msg/_index.js
Symlinking /home/godfrey/wheelchair/devel/share/gennodejs/ros/rt_gene/msg/MSG_SubjectImages.js
Symlinking /home/godfrey/wheelchair/devel/share/roseus/ros/rt_gene/manifest.l
Symlinking /home/godfrey/wheelchair/devel/share/roseus/ros/rt_gene/msg/MSG_SubjectImagesList.l
Symlinking /home/godfrey/wheelchair/devel/share/roseus/ros/rt_gene/msg/MSG_SubjectImages.l
