[  7%] Built target rt_gene_gencfg
[  7%] Built target _rt_gene_generate_messages_check_deps_MSG_SubjectImagesList
[  7%] Built target geometry_msgs_generate_messages_eus
[  7%] Built target sensor_msgs_generate_messages_eus
[  7%] Built target _rt_gene_generate_messages_check_deps_MSG_SubjectImages
[  7%] Built target geometry_msgs_generate_messages_py
[  7%] Built target std_msgs_generate_messages_eus
[  7%] Built target sensor_msgs_generate_messages_py
[  7%] Built target std_msgs_generate_messages_cpp
[  7%] Built target std_msgs_generate_messages_py
[  7%] Built target sensor_msgs_generate_messages_cpp
[  7%] Built target geometry_msgs_generate_messages_cpp
[  7%] Built target geometry_msgs_generate_messages_lisp
[  7%] Built target sensor_msgs_generate_messages_lisp
[  7%] Built target sensor_msgs_generate_messages_nodejs
[  7%] Built target std_msgs_generate_messages_lisp
[  7%] Built target geometry_msgs_generate_messages_nodejs
[  7%] Built target std_msgs_generate_messages_nodejs
[ 30%] Built target rt_gene_generate_messages_eus
[ 53%] Built target rt_gene_generate_messages_py
[ 69%] Built target rt_gene_generate_messages_cpp
Checking md5sum on /home/godfrey/wheelchair/src/rt_gene/rt_gene/model_nets/dlib_face_recognition_resnet_model_v1.dat
[ 84%] Built target rt_gene_generate_messages_nodejs
[100%] Built target rt_gene_generate_messages_lisp
[100%] Built target dlib_face_recognition_resnet_model_v1.dat
[100%] Built target rt_gene_generate_messages
Checking md5sum on /home/godfrey/wheelchair/src/rt_gene/rt_gene/model_nets/Model_allsubjects1.h5
[100%] Built target Model_allsubjects1.h5
[100%] Built target download_extra_data
[100%] Built target download
