Determining if the pthread_create exist failed with the following output:
Change Dir: /home/godfrey/wheelchair/build/image_proc/CMakeFiles/CMakeTmp

Run Build Command:"/usr/bin/make" "cmTC_87cb8/fast"
/usr/bin/make -f CMakeFiles/cmTC_87cb8.dir/build.make CMakeFiles/cmTC_87cb8.dir/build
make[1]: Entering directory '/home/godfrey/wheelchair/build/image_proc/CMakeFiles/CMakeTmp'
Building C object CMakeFiles/cmTC_87cb8.dir/CheckSymbolExists.c.o
/usr/bin/cc    -o CMakeFiles/cmTC_87cb8.dir/CheckSymbolExists.c.o   -c /home/godfrey/wheelchair/build/image_proc/CMakeFiles/CMakeTmp/CheckSymbolExists.c
Linking C executable cmTC_87cb8
/usr/bin/cmake -E cmake_link_script CMakeFiles/cmTC_87cb8.dir/link.txt --verbose=1
/usr/bin/cc      -rdynamic CMakeFiles/cmTC_87cb8.dir/CheckSymbolExists.c.o  -o cmTC_87cb8 
CMakeFiles/cmTC_87cb8.dir/CheckSymbolExists.c.o: In function `main':
CheckSymbolExists.c:(.text+0x1b): undefined reference to `pthread_create'
collect2: error: ld returned 1 exit status
CMakeFiles/cmTC_87cb8.dir/build.make:97: recipe for target 'cmTC_87cb8' failed
make[1]: *** [cmTC_87cb8] Error 1
make[1]: Leaving directory '/home/godfrey/wheelchair/build/image_proc/CMakeFiles/CMakeTmp'
Makefile:126: recipe for target 'cmTC_87cb8/fast' failed
make: *** [cmTC_87cb8/fast] Error 2

File /home/godfrey/wheelchair/build/image_proc/CMakeFiles/CMakeTmp/CheckSymbolExists.c:
/* */
#include <pthread.h>

int main(int argc, char** argv)
{
  (void)argv;
#ifndef pthread_create
  return ((int*)(&pthread_create))[argc];
#else
  (void)argc;
  return 0;
#endif
}

Determining if the function pthread_create exists in the pthreads failed with the following output:
Change Dir: /home/godfrey/wheelchair/build/image_proc/CMakeFiles/CMakeTmp

Run Build Command:"/usr/bin/make" "cmTC_87173/fast"
/usr/bin/make -f CMakeFiles/cmTC_87173.dir/build.make CMakeFiles/cmTC_87173.dir/build
make[1]: Entering directory '/home/godfrey/wheelchair/build/image_proc/CMakeFiles/CMakeTmp'
Building C object CMakeFiles/cmTC_87173.dir/CheckFunctionExists.c.o
/usr/bin/cc   -DCHECK_FUNCTION_EXISTS=pthread_create   -o CMakeFiles/cmTC_87173.dir/CheckFunctionExists.c.o   -c /usr/share/cmake-3.10/Modules/CheckFunctionExists.c
Linking C executable cmTC_87173
/usr/bin/cmake -E cmake_link_script CMakeFiles/cmTC_87173.dir/link.txt --verbose=1
/usr/bin/cc  -DCHECK_FUNCTION_EXISTS=pthread_create    -rdynamic CMakeFiles/cmTC_87173.dir/CheckFunctionExists.c.o  -o cmTC_87173 -lpthreads 
/usr/bin/ld: cannot find -lpthreads
collect2: error: ld returned 1 exit status
CMakeFiles/cmTC_87173.dir/build.make:97: recipe for target 'cmTC_87173' failed
make[1]: *** [cmTC_87173] Error 1
make[1]: Leaving directory '/home/godfrey/wheelchair/build/image_proc/CMakeFiles/CMakeTmp'
Makefile:126: recipe for target 'cmTC_87173/fast' failed
make: *** [cmTC_87173/fast] Error 2


