Determining if the pthread_create exist failed with the following output:
Change Dir: /home/godfrey/wheelchair/build/camera_calibration/CMakeFiles/CMakeTmp

Run Build Command:"/usr/bin/make" "cmTC_3756f/fast"
/usr/bin/make -f CMakeFiles/cmTC_3756f.dir/build.make CMakeFiles/cmTC_3756f.dir/build
make[1]: Entering directory '/home/godfrey/wheelchair/build/camera_calibration/CMakeFiles/CMakeTmp'
Building C object CMakeFiles/cmTC_3756f.dir/CheckSymbolExists.c.o
/usr/bin/cc    -o CMakeFiles/cmTC_3756f.dir/CheckSymbolExists.c.o   -c /home/godfrey/wheelchair/build/camera_calibration/CMakeFiles/CMakeTmp/CheckSymbolExists.c
Linking C executable cmTC_3756f
/usr/bin/cmake -E cmake_link_script CMakeFiles/cmTC_3756f.dir/link.txt --verbose=1
/usr/bin/cc      -rdynamic CMakeFiles/cmTC_3756f.dir/CheckSymbolExists.c.o  -o cmTC_3756f 
CMakeFiles/cmTC_3756f.dir/CheckSymbolExists.c.o: In function `main':
CheckSymbolExists.c:(.text+0x1b): undefined reference to `pthread_create'
collect2: error: ld returned 1 exit status
CMakeFiles/cmTC_3756f.dir/build.make:97: recipe for target 'cmTC_3756f' failed
make[1]: *** [cmTC_3756f] Error 1
make[1]: Leaving directory '/home/godfrey/wheelchair/build/camera_calibration/CMakeFiles/CMakeTmp'
Makefile:126: recipe for target 'cmTC_3756f/fast' failed
make: *** [cmTC_3756f/fast] Error 2

File /home/godfrey/wheelchair/build/camera_calibration/CMakeFiles/CMakeTmp/CheckSymbolExists.c:
/* */
#include <pthread.h>

int main(int argc, char** argv)
{
  (void)argv;
#ifndef pthread_create
  return ((int*)(&pthread_create))[argc];
#else
  (void)argc;
  return 0;
#endif
}

Determining if the function pthread_create exists in the pthreads failed with the following output:
Change Dir: /home/godfrey/wheelchair/build/camera_calibration/CMakeFiles/CMakeTmp

Run Build Command:"/usr/bin/make" "cmTC_1064d/fast"
/usr/bin/make -f CMakeFiles/cmTC_1064d.dir/build.make CMakeFiles/cmTC_1064d.dir/build
make[1]: Entering directory '/home/godfrey/wheelchair/build/camera_calibration/CMakeFiles/CMakeTmp'
Building C object CMakeFiles/cmTC_1064d.dir/CheckFunctionExists.c.o
/usr/bin/cc   -DCHECK_FUNCTION_EXISTS=pthread_create   -o CMakeFiles/cmTC_1064d.dir/CheckFunctionExists.c.o   -c /usr/share/cmake-3.10/Modules/CheckFunctionExists.c
Linking C executable cmTC_1064d
/usr/bin/cmake -E cmake_link_script CMakeFiles/cmTC_1064d.dir/link.txt --verbose=1
/usr/bin/cc  -DCHECK_FUNCTION_EXISTS=pthread_create    -rdynamic CMakeFiles/cmTC_1064d.dir/CheckFunctionExists.c.o  -o cmTC_1064d -lpthreads 
/usr/bin/ld: cannot find -lpthreads
collect2: error: ld returned 1 exit status
CMakeFiles/cmTC_1064d.dir/build.make:97: recipe for target 'cmTC_1064d' failed
make[1]: *** [cmTC_1064d] Error 1
make[1]: Leaving directory '/home/godfrey/wheelchair/build/camera_calibration/CMakeFiles/CMakeTmp'
Makefile:126: recipe for target 'cmTC_1064d/fast' failed
make: *** [cmTC_1064d/fast] Error 2


